ERROR:root:retrieved failed in data with morning star code: 0P0001HEPA 
with error: list index out of range
ERROR:root:retrieved failed in data with morning star code: 0P0001EOMC 
with error: list index out of range
ERROR:root:retrieved failed in data with morning star code: 0P0000BUBO 
with error: list index out of range
ERROR:root:retrieved failed in data with morning star code: 0P0000AJ6N 
with error: list index out of range
ERROR:root:retrieved failed in data with morning star code: 0P0000CKCR 
with error: list index out of range
ERROR:root:retrieved failed in data with morning star code: 0P0001HR5W 
with error: list index out of range
ERROR:root:retrieved failed in data with morning star code: 0P0001QD8N 
with error: list index out of range
ERROR:root:retrieved failed in data with morning star code: 0P0000BWPU 
with error: list index out of range
ERROR:root:retrieved failed in data with morning star code: 0P0001RFYA 
with error: list index out of range
ERROR:root:retrieved failed in data with morning star code: 0P0001K7QQ 
with error: list index out of range
ERROR:root:retrieved failed in data with morning star code: 0P0001S53R 
with error: list index out of range
ERROR:root:retrieved failed in data with morning star code: 0P0001S5AD 
with error: list index out of range
ERROR:root:retrieved failed in data with morning star code: 0P0001JSSE 
with error: list index out of range
ERROR:root:retrieved failed in data with morning star code: 0P0001QB2M 
with error: list index out of range
ERROR:root:retrieved failed in data with morning star code: 0P0000BJ0R 
with error: list index out of range
ERROR:root:retrieved failed in data with morning star code: 0P0001S5AG 
with error: list index out of range
INFO:httpx:HTTP Request: POST https://rfiycxgjbnkefczvbosm.supabase.co/rest/v1/idx_financials_annual?columns=%22pretax_income%22%2C%22income_taxes%22%2C%22updated_on%22%2C%22free_cash_flow%22%2C%22interest_expense_non_operating%22%2C%22ebitda%22%2C%22date%22%2C%22total_equity%22%2C%22source%22%2C%22net_operating_cash_flow%22%2C%22symbol%22%2C%22ebit%22%2C%22gross_income%22%2C%22stockholders_equity%22%2C%22Cash%2C%20Cash%20Equivalents%20and%20Short%20Term%20Investment%22%2C%22total_non_current_assets%22%2C%22net_income%22%2C%22total_assets%22%2C%22total_debt%22%2C%22total_revenue%22%2C%22operating_income%22%2C%22total_liabilities%22%2C%22diluted_shares_outstanding%22%2C%22total_current_liabilities%22 "HTTP/1.1 400 Bad Request"
INFO:httpx:HTTP Request: POST https://rfiycxgjbnkefczvbosm.supabase.co/rest/v1/idx_financials_annual?columns=%22total_liabilities%22%2C%22ebit%22%2C%22net_operating_cash_flow%22%2C%22interest_expense_non_operating%22%2C%22cash_and_short_term_investments%22%2C%22diluted_shares_outstanding%22%2C%22updated_on%22%2C%22operating_income%22%2C%22source%22%2C%22symbol%22%2C%22total_revenue%22%2C%22free_cash_flow%22%2C%22gross_income%22%2C%22ebitda%22%2C%22total_current_liabilities%22%2C%22stockholders_equity%22%2C%22pretax_income%22%2C%22income_taxes%22%2C%22total_debt%22%2C%22total_equity%22%2C%22total_assets%22%2C%22net_income%22%2C%22date%22%2C%22total_non_current_assets%22 "HTTP/1.1 400 Bad Request"
INFO:httpx:HTTP Request: POST https://rfiycxgjbnkefczvbosm.supabase.co/rest/v1/idx_financials_annual?columns=%22total_equity%22%2C%22ebit%22%2C%22source%22%2C%22gross_income%22%2C%22total_assets%22%2C%22pretax_income%22%2C%22stockholders_equity%22%2C%22total_liabilities%22%2C%22updated_on%22%2C%22total_debt%22%2C%22date%22%2C%22diluted_shares_outstanding%22%2C%22cash_and_short_term_investments%22%2C%22net_income%22%2C%22total_non_current_assets%22%2C%22net_operating_cash_flow%22%2C%22operating_income%22%2C%22ebitda%22%2C%22total_current_liabilities%22%2C%22free_cash_flow%22%2C%22symbol%22%2C%22income_taxes%22%2C%22total_revenue%22%2C%22interest_expense_non_operating%22 "HTTP/1.1 400 Bad Request"
INFO:httpx:HTTP Request: POST https://rfiycxgjbnkefczvbosm.supabase.co/rest/v1/idx_financials_annual?columns=%22stockholders_equity%22%2C%22date%22%2C%22total_debt%22%2C%22interest_expense_non_operating%22%2C%22gross_income%22%2C%22source%22%2C%22total_assets%22%2C%22total_current_liabilities%22%2C%22free_cash_flow%22%2C%22net_income%22%2C%22cash_and_short_term_investments%22%2C%22symbol%22%2C%22total_equity%22%2C%22diluted_shares_outstanding%22%2C%22total_non_current_assets%22%2C%22ebitda%22%2C%22pretax_income%22%2C%22total_liabilities%22%2C%22total_revenue%22%2C%22operating_income%22%2C%22net_operating_cash_flow%22%2C%22ebit%22%2C%22updated_on%22%2C%22income_taxes%22 "HTTP/1.1 400 Bad Request"
ERROR:root:retrieved failed in data with morning star code: 0P0000BTGU 
with error: float() argument must be a string or a real number, not 'NoneType'
INFO:httpx:HTTP Request: POST https://rfiycxgjbnkefczvbosm.supabase.co/rest/v1/idx_financials_annual?columns=%22pretax_income%22%2C%22net_operating_cash_flow%22%2C%22source%22%2C%22total_current_liabilities%22%2C%22total_revenue%22%2C%22cash_and_short_term_investments%22%2C%22ebit%22%2C%22updated_on%22%2C%22stockholders_equity%22%2C%22operating_income%22%2C%22total_debt%22%2C%22net_income%22%2C%22gross_income%22%2C%22diluted_shares_outstanding%22%2C%22symbol%22%2C%22total_non_current_assets%22%2C%22interest_expense_non_operating%22%2C%22free_cash_flow%22%2C%22total_assets%22%2C%22income_taxes%22%2C%22date%22%2C%22total_equity%22%2C%22total_liabilities%22%2C%22ebitda%22 "HTTP/1.1 201 Created"
ERROR:root:retrieved failed in data with morning star code: 0P0000BTGU 
with error: float() argument must be a string or a real number, not 'NoneType'
ERROR:root:retrieved failed in data with morning star code: 0P0000BTGU 
with error: float() argument must be a string or a real number, not 'NoneType'
INFO:httpx:HTTP Request: POST https://rfiycxgjbnkefczvbosm.supabase.co/rest/v1/idx_financials_annual?columns=%22operating_income%22%2C%22ebit%22%2C%22net_operating_cash_flow%22%2C%22gross_income%22%2C%22total_assets%22%2C%22total_current_liabilities%22%2C%22date%22%2C%22total_non_current_assets%22%2C%22pretax_income%22%2C%22income_taxes%22%2C%22free_cash_flow%22%2C%22symbol%22%2C%22total_revenue%22%2C%22total_liabilities%22%2C%22diluted_shares_outstanding%22%2C%22updated_on%22%2C%22source%22%2C%22cash_and_short_term_investments%22%2C%22ebitda%22%2C%22total_equity%22%2C%22total_debt%22%2C%22net_income%22%2C%22interest_expense_non_operating%22%2C%22stockholders_equity%22 "HTTP/1.1 201 Created"
ERROR:root:retrieved failed in data with morning star code: 0P0000BTGU 
with error: float() argument must be a string or a real number, not 'NoneType'
ERROR:root:retrieved failed in data with morning star code: 0P0000BTGU 
with error: float() argument must be a string or a real number, not 'NoneType'
INFO:httpx:HTTP Request: POST https://rfiycxgjbnkefczvbosm.supabase.co/rest/v1/idx_financials_annual?columns=%22stockholders_equity%22%2C%22net_income%22%2C%22date%22%2C%22source%22%2C%22total_assets%22%2C%22total_non_current_assets%22%2C%22cash_and_short_term_investments%22%2C%22operating_income%22%2C%22interest_expense_non_operating%22%2C%22diluted_shares_outstanding%22%2C%22total_liabilities%22%2C%22pretax_income%22%2C%22cash_only%22%2C%22total_revenue%22%2C%22total_current_liabilities%22%2C%22net_operating_cash_flow%22%2C%22free_cash_flow%22%2C%22symbol%22%2C%22ebit%22%2C%22total_debt%22%2C%22total_equity%22%2C%22income_taxes%22%2C%22updated_on%22%2C%22gross_income%22%2C%22ebitda%22 "HTTP/1.1 400 Bad Request"
INFO:httpx:HTTP Request: POST https://rfiycxgjbnkefczvbosm.supabase.co/rest/v1/idx_financials_annual?columns=%22pretax_income%22%2C%22diluted_shares_outstanding%22%2C%22stockholders_equity%22%2C%22net_income%22%2C%22operating_income%22%2C%22net_operating_cash_flow%22%2C%22total_equity%22%2C%22free_cash_flow%22%2C%22total_assets%22%2C%22income_taxes%22%2C%22source%22%2C%22total_revenue%22%2C%22date%22%2C%22ebitda%22%2C%22cash_and_short_term_investments%22%2C%22ebit%22%2C%22updated_on%22%2C%22gross_income%22%2C%22cash_only%22%2C%22interest_expense_non_operating%22%2C%22total_debt%22%2C%22total_liabilities%22%2C%22symbol%22%2C%22total_current_liabilities%22%2C%22total_non_current_assets%22 "HTTP/1.1 400 Bad Request"
INFO:httpx:HTTP Request: POST https://rfiycxgjbnkefczvbosm.supabase.co/rest/v1/idx_financials_annual?columns=%22total_assets%22%2C%22diluted_shares_outstanding%22%2C%22income_taxes%22%2C%22total_debt%22%2C%22total_revenue%22%2C%22updated_on%22%2C%22source%22%2C%22stockholders_equity%22%2C%22operating_income%22%2C%22free_cash_flow%22%2C%22gross_income%22%2C%22cash_and_short_term_investments%22%2C%22ebit%22%2C%22total_non_current_assets%22%2C%22pretax_income%22%2C%22net_operating_cash_flow%22%2C%22net_income%22%2C%22total_current_liabilities%22%2C%22total_liabilities%22%2C%22ebitda%22%2C%22total_equity%22%2C%22symbol%22%2C%22cash_only%22%2C%22date%22%2C%22interest_expense_non_operating%22 "HTTP/1.1 400 Bad Request"
INFO:httpx:HTTP Request: POST https://rfiycxgjbnkefczvbosm.supabase.co/rest/v1/idx_financials_annual?columns=%22total_liabilities%22%2C%22net_operating_cash_flow%22%2C%22pretax_income%22%2C%22stockholders_equity%22%2C%22total_non_current_assets%22%2C%22diluted_shares_outstanding%22%2C%22symbol%22%2C%22total_debt%22%2C%22interest_expense_non_operating%22%2C%22updated_on%22%2C%22cash_only%22%2C%22source%22%2C%22cash_and_short_term_investments%22%2C%22free_cash_flow%22%2C%22operating_income%22%2C%22ebit%22%2C%22total_equity%22%2C%22total_current_liabilities%22%2C%22total_assets%22%2C%22gross_income%22%2C%22income_taxes%22%2C%22net_income%22%2C%22total_revenue%22%2C%22ebitda%22%2C%22date%22 "HTTP/1.1 400 Bad Request"
INFO:httpx:HTTP Request: POST https://rfiycxgjbnkefczvbosm.supabase.co/rest/v1/idx_financials_annual?columns=%22income_taxes%22%2C%22net_income%22%2C%22symbol%22%2C%22cash_only%22%2C%22ebitda%22%2C%22free_cash_flow%22%2C%22net_operating_cash_flow%22%2C%22gross_income%22%2C%22date%22%2C%22interest_expense_non_operating%22%2C%22total_liabilities%22%2C%22pretax_income%22%2C%22total_assets%22%2C%22total_equity%22%2C%22operating_income%22%2C%22total_debt%22%2C%22stockholders_equity%22%2C%22cash_and_short_term_investments%22%2C%22updated_on%22%2C%22ebit%22%2C%22total_revenue%22%2C%22source%22%2C%22total_current_liabilities%22%2C%22total_non_current_assets%22%2C%22diluted_shares_outstanding%22 "HTTP/1.1 400 Bad Request"
INFO:httpx:HTTP Request: POST https://rfiycxgjbnkefczvbosm.supabase.co/rest/v1/idx_financials_annual?columns=%22cash_and_short_term_investments%22%2C%22ebit%22%2C%22free_cash_flow%22%2C%22ebitda%22%2C%22diluted_shares_outstanding%22%2C%22total_current_liabilities%22%2C%22income_taxes%22%2C%22total_revenue%22%2C%22gross_income%22%2C%22total_equity%22%2C%22net_income%22%2C%22total_liabilities%22%2C%22total_non_current_assets%22%2C%22net_operating_cash_flow%22%2C%22interest_expense_non_operating%22%2C%22date%22%2C%22stockholders_equity%22%2C%22pretax_income%22%2C%22updated_on%22%2C%22operating_income%22%2C%22symbol%22%2C%22source%22%2C%22total_debt%22%2C%22cash_only%22%2C%22total_assets%22 "HTTP/1.1 400 Bad Request"
ERROR:root:retrieved failed in data with morning star code: 0P0000BTGU 
with error: list indices must be integers or slices, not str
ERROR:root:retrieved failed in data with morning star code: 0P0000BTGU 
with error: list indices must be integers or slices, not str
ERROR:root:retrieved failed in data with morning star code: 0P0000BTGU 
with error: list indices must be integers or slices, not str
ERROR:root:retrieved failed in data with morning star code: 0P0000BTGU 
with error: list indices must be integers or slices, not str
ERROR:root:retrieved failed in data with morning star code: 0P0000BTGU 
with error: list indices must be integers or slices, not str
ERROR:root:retrieved failed in data with morning star code: 0P0000BTGU 
with error: list indices must be integers or slices, not str
ERROR:root:retrieved failed in data with morning star code: 0P0000BTGU 
with error: list indices must be integers or slices, not str
ERROR:root:retrieved failed in data with morning star code: 0P0000BTGU 
with error: list indices must be integers or slices, not str
ERROR:root:retrieved failed in data with morning star code: 0P0000BTGU 
with error: list indices must be integers or slices, not str
ERROR:root:retrieved failed in data with morning star code: 0P0000BTGU 
with error: list indices must be integers or slices, not str
ERROR:root:retrieved failed in data with morning star code: 0P0000BTGU 
with error: list indices must be integers or slices, not str
INFO:httpx:HTTP Request: POST https://rfiycxgjbnkefczvbosm.supabase.co/rest/v1/idx_financials_annual?columns=%22date%22%2C%22operating_income%22%2C%22cash_only%22%2C%22cash_and_short_term_investments%22%2C%22ebit%22%2C%22total_debt%22%2C%22total_assets%22%2C%22total_liabilities%22%2C%22total_non_current_assets%22%2C%22updated_on%22%2C%22total_current_liabilities%22%2C%22total_equity%22%2C%22ebitda%22%2C%22pretax_income%22%2C%22source%22%2C%22total_revenue%22%2C%22net_operating_cash_flow%22%2C%22interest_expense_non_operating%22%2C%22stockholders_equity%22%2C%22free_cash_flow%22%2C%22income_taxes%22%2C%22gross_income%22%2C%22symbol%22%2C%22diluted_shares_outstanding%22%2C%22net_income%22 "HTTP/1.1 201 Created"
INFO:httpx:HTTP Request: POST https://rfiycxgjbnkefczvbosm.supabase.co/rest/v1/idx_financials_annual?columns=%22net_operating_cash_flow%22%2C%22diluted_shares_outstanding%22%2C%22total_non_current_assets%22%2C%22ebitda%22%2C%22stockholders_equity%22%2C%22total_assets%22%2C%22free_cash_flow%22%2C%22income_taxes%22%2C%22operating_income%22%2C%22net_income%22%2C%22symbol%22%2C%22cash_only%22%2C%22total_current_liabilities%22%2C%22updated_on%22%2C%22total_liabilities%22%2C%22ebit%22%2C%22pretax_income%22%2C%22total_revenue%22%2C%22total_equity%22%2C%22gross_income%22%2C%22cash_and_short_term_investments%22%2C%22interest_expense_non_operating%22%2C%22total_debt%22%2C%22source%22%2C%22date%22 "HTTP/1.1 201 Created"
INFO:httpx:HTTP Request: POST https://rfiycxgjbnkefczvbosm.supabase.co/rest/v1/idx_financials_annual?columns=%22gross_income%22%2C%22income_taxes%22%2C%22ebitda%22%2C%22total_current_liabilities%22%2C%22date%22%2C%22ebit%22%2C%22stockholders_equity%22%2C%22total_revenue%22%2C%22pretax_income%22%2C%22net_operating_cash_flow%22%2C%22symbol%22%2C%22free_cash_flow%22%2C%22total_debt%22%2C%22net_income%22%2C%22source%22%2C%22updated_on%22%2C%22total_non_current_assets%22%2C%22operating_income%22%2C%22diluted_shares_outstanding%22%2C%22total_liabilities%22%2C%22cash_only%22%2C%22interest_expense_non_operating%22%2C%22total_assets%22%2C%22total_equity%22%2C%22cash_and_short_term_investments%22 "HTTP/1.1 201 Created"
INFO:httpx:HTTP Request: POST https://rfiycxgjbnkefczvbosm.supabase.co/rest/v1/idx_financials_annual?columns=%22source%22%2C%22gross_income%22%2C%22operating_income%22%2C%22total_liabilities%22%2C%22symbol%22%2C%22cash_only%22%2C%22total_debt%22%2C%22ebit%22%2C%22ebitda%22%2C%22total_revenue%22%2C%22total_non_current_assets%22%2C%22date%22%2C%22interest_expense_non_operating%22%2C%22total_current_liabilities%22%2C%22free_cash_flow%22%2C%22total_equity%22%2C%22income_taxes%22%2C%22diluted_shares_outstanding%22%2C%22pretax_income%22%2C%22cash_and_short_term_investments%22%2C%22total_assets%22%2C%22net_income%22%2C%22net_operating_cash_flow%22%2C%22stockholders_equity%22%2C%22updated_on%22 "HTTP/1.1 201 Created"
INFO:httpx:HTTP Request: POST https://rfiycxgjbnkefczvbosm.supabase.co/rest/v1/idx_financials_quarterly?columns=%22interest_expense_non_operating%22%2C%22source%22%2C%22ebit%22%2C%22total_non_current_assets%22%2C%22cash_and_short_term_investments%22%2C%22net_operating_cash_flow%22%2C%22stockholders_equity%22%2C%22gross_income%22%2C%22net_income%22%2C%22total_equity%22%2C%22total_debt%22%2C%22diluted_shares_outstanding%22%2C%22symbol%22%2C%22free_cash_flow%22%2C%22cash_only%22%2C%22total_revenue%22%2C%22ebitda%22%2C%22updated_on%22%2C%22total_current_liabilities%22%2C%22pretax_income%22%2C%22total_liabilities%22%2C%22date%22%2C%22total_assets%22%2C%22income_taxes%22%2C%22operating_income%22 "HTTP/1.1 201 Created"
INFO:httpx:HTTP Request: POST https://rfiycxgjbnkefczvbosm.supabase.co/rest/v1/idx_financials_quarterly?columns=%22gross_income%22%2C%22diluted_shares_outstanding%22%2C%22ebitda%22%2C%22total_non_current_assets%22%2C%22income_taxes%22%2C%22date%22%2C%22cash_and_short_term_investments%22%2C%22total_assets%22%2C%22source%22%2C%22pretax_income%22%2C%22total_debt%22%2C%22stockholders_equity%22%2C%22total_current_liabilities%22%2C%22interest_expense_non_operating%22%2C%22updated_on%22%2C%22total_equity%22%2C%22operating_income%22%2C%22ebit%22%2C%22cash_only%22%2C%22total_liabilities%22%2C%22total_revenue%22%2C%22net_operating_cash_flow%22%2C%22symbol%22%2C%22free_cash_flow%22%2C%22net_income%22 "HTTP/1.1 201 Created"
INFO:httpx:HTTP Request: POST https://rfiycxgjbnkefczvbosm.supabase.co/rest/v1/idx_financials_quarterly?columns=%22income_taxes%22%2C%22net_income%22%2C%22total_liabilities%22%2C%22total_current_liabilities%22%2C%22total_non_current_assets%22%2C%22pretax_income%22%2C%22source%22%2C%22date%22%2C%22ebit%22%2C%22total_assets%22%2C%22net_operating_cash_flow%22%2C%22operating_income%22%2C%22interest_expense_non_operating%22%2C%22total_debt%22%2C%22total_revenue%22%2C%22symbol%22%2C%22updated_on%22%2C%22free_cash_flow%22%2C%22cash_and_short_term_investments%22%2C%22total_equity%22%2C%22gross_income%22%2C%22ebitda%22%2C%22stockholders_equity%22%2C%22cash_only%22%2C%22diluted_shares_outstanding%22 "HTTP/1.1 201 Created"
INFO:httpx:HTTP Request: POST https://rfiycxgjbnkefczvbosm.supabase.co/rest/v1/idx_financials_annual?columns=%22total_liabilities%22%2C%22cash_only%22%2C%22free_cash_flow%22%2C%22diluted_shares_outstanding%22%2C%22source%22%2C%22stockholders_equity%22%2C%22gross_income%22%2C%22net_income%22%2C%22total_debt%22%2C%22operating_income%22%2C%22interest_expense_non_operating%22%2C%22ebitda%22%2C%22pretax_income%22%2C%22total_revenue%22%2C%22income_taxes%22%2C%22cash_and_short_term_investments%22%2C%22updated_on%22%2C%22ebit%22%2C%22symbol%22%2C%22net_operating_cash_flow%22%2C%22date%22%2C%22total_equity%22%2C%22total_non_current_assets%22%2C%22total_assets%22%2C%22total_current_liabilities%22 "HTTP/1.1 201 Created"
INFO:httpx:HTTP Request: POST https://rfiycxgjbnkefczvbosm.supabase.co/rest/v1/idx_financials_annual?columns=%22symbol%22%2C%22total_current_liabilities%22%2C%22free_cash_flow%22%2C%22total_assets%22%2C%22gross_income%22%2C%22total_equity%22%2C%22total_revenue%22%2C%22net_income%22%2C%22total_non_current_assets%22%2C%22diluted_shares_outstanding%22%2C%22operating_income%22%2C%22cash_only%22%2C%22pretax_income%22%2C%22net_operating_cash_flow%22%2C%22date%22%2C%22total_liabilities%22%2C%22income_taxes%22%2C%22updated_on%22%2C%22source%22%2C%22ebit%22%2C%22ebitda%22%2C%22total_debt%22%2C%22cash_and_short_term_investments%22%2C%22interest_expense_non_operating%22%2C%22stockholders_equity%22 "HTTP/1.1 201 Created"
INFO:httpx:HTTP Request: POST https://rfiycxgjbnkefczvbosm.supabase.co/rest/v1/idx_financials_annual?columns=%22gross_income%22%2C%22free_cash_flow%22%2C%22stockholders_equity%22%2C%22income_taxes%22%2C%22ebitda%22%2C%22source%22%2C%22total_assets%22%2C%22cash_and_short_term_investments%22%2C%22updated_on%22%2C%22total_revenue%22%2C%22total_debt%22%2C%22interest_expense_non_operating%22%2C%22net_income%22%2C%22pretax_income%22%2C%22cash_only%22%2C%22total_current_liabilities%22%2C%22total_equity%22%2C%22date%22%2C%22operating_income%22%2C%22symbol%22%2C%22diluted_shares_outstanding%22%2C%22total_liabilities%22%2C%22ebit%22%2C%22total_non_current_assets%22%2C%22net_operating_cash_flow%22 "HTTP/1.1 201 Created"
INFO:httpx:HTTP Request: POST https://rfiycxgjbnkefczvbosm.supabase.co/rest/v1/idx_financials_annual?columns=%22total_non_current_assets%22%2C%22cash_and_short_term_investments%22%2C%22total_equity%22%2C%22symbol%22%2C%22net_income%22%2C%22total_current_liabilities%22%2C%22cash_only%22%2C%22income_taxes%22%2C%22interest_expense_non_operating%22%2C%22ebit%22%2C%22total_liabilities%22%2C%22updated_on%22%2C%22total_revenue%22%2C%22gross_income%22%2C%22free_cash_flow%22%2C%22pretax_income%22%2C%22date%22%2C%22operating_income%22%2C%22diluted_shares_outstanding%22%2C%22ebitda%22%2C%22source%22%2C%22stockholders_equity%22%2C%22net_operating_cash_flow%22%2C%22total_assets%22%2C%22total_debt%22 "HTTP/1.1 201 Created"
INFO:httpx:HTTP Request: POST https://rfiycxgjbnkefczvbosm.supabase.co/rest/v1/idx_financials_annual?columns=%22total_revenue%22%2C%22total_debt%22%2C%22total_assets%22%2C%22income_taxes%22%2C%22total_liabilities%22%2C%22ebitda%22%2C%22net_income%22%2C%22free_cash_flow%22%2C%22total_non_current_assets%22%2C%22interest_expense_non_operating%22%2C%22operating_income%22%2C%22source%22%2C%22ebit%22%2C%22pretax_income%22%2C%22total_equity%22%2C%22date%22%2C%22net_operating_cash_flow%22%2C%22cash_and_short_term_investments%22%2C%22gross_income%22%2C%22diluted_shares_outstanding%22%2C%22stockholders_equity%22%2C%22cash_only%22%2C%22symbol%22%2C%22updated_on%22%2C%22total_current_liabilities%22 "HTTP/1.1 201 Created"
INFO:httpx:HTTP Request: POST https://rfiycxgjbnkefczvbosm.supabase.co/rest/v1/idx_financials_annual?columns=%22diluted_shares_outstanding%22%2C%22total_assets%22%2C%22pretax_income%22%2C%22ebit%22%2C%22updated_on%22%2C%22gross_income%22%2C%22total_non_current_assets%22%2C%22total_current_liabilities%22%2C%22total_liabilities%22%2C%22income_taxes%22%2C%22interest_expense_non_operating%22%2C%22free_cash_flow%22%2C%22operating_income%22%2C%22net_income%22%2C%22total_revenue%22%2C%22ebitda%22%2C%22total_equity%22%2C%22total_debt%22%2C%22symbol%22%2C%22stockholders_equity%22%2C%22net_operating_cash_flow%22%2C%22date%22%2C%22cash_and_short_term_investments%22%2C%22cash_only%22%2C%22source%22 "HTTP/1.1 201 Created"
